2025/04/17 20:01:17 [error] [exception.Error] Error: Call to undefined method Yii::getAlias() in C:\xampp\htdocs\klinik\protected\views\layouts\main.php:21
Stack trace:
#0 D:\yii\framework\web\CBaseController.php(126): require()
#1 D:\yii\framework\web\CBaseController.php(95): CBaseController->renderInternal('C:\\xampp\\htdocs...', Array, true)
#2 D:\yii\framework\web\widgets\CContentDecorator.php(76): CBaseController->renderFile('C:\\xampp\\htdocs...', Array, true)
#3 D:\yii\framework\web\widgets\CContentDecorator.php(54): CContentDecorator->decorate('<div id="conten...')
#4 D:\yii\framework\web\widgets\COutputProcessor.php(44): CContentDecorator->processOutput('<div id="conten...')
#5 D:\yii\framework\web\CBaseController.php(215): COutputProcessor->run()
#6 D:\yii\framework\web\CBaseController.php(309): CBaseController->endWidget('CContentDecorat...')
#7 C:\xampp\htdocs\klinik\protected\views\layouts\column1.php(6): CBaseController->endContent()
#8 D:\yii\framework\web\CBaseController.php(126): require('C:\\xampp\\htdocs...')
#9 D:\yii\framework\web\CBaseController.php(95): CBaseController->renderInternal('C:\\xampp\\htdocs...', Array, true)
#10 D:\yii\framework\web\CController.php(787): CBaseController->renderFile('C:\\xampp\\htdocs...', Array, true)
#11 C:\xampp\htdocs\klinik\protected\controllers\SiteController.php(32): CController->render('index')
#12 D:\yii\framework\web\actions\CInlineAction.php(49): SiteController->actionIndex()
#13 D:\yii\framework\web\CController.php(308): CInlineAction->runWithParams(Array)
#14 D:\yii\framework\web\CController.php(286): CController->runAction(Object(CInlineAction))
#15 D:\yii\framework\web\CController.php(265): CController->runActionWithFilters(Object(CInlineAction), Array)
#16 D:\yii\framework\web\CWebApplication.php(282): CController->run('index')
#17 D:\yii\framework\web\CWebApplication.php(141): CWebApplication->runController('site/index')
#18 D:\yii\framework\base\CApplication.php(185): CWebApplication->processRequest()
#19 C:\xampp\htdocs\klinik\index.php(13): CApplication->run()
#20 {main}
REQUEST_URI=/klinik/index.php?r=site/index
HTTP_REFERER=http://localhost/klinik/index.php?r=site/contact
---
2025/04/18 09:28:39 [error] [php] Undefined variable $clients (C:\xampp\htdocs\klinik\protected\views\site\index.php:28)
Stack trace:
#0 D:\yii\framework\web\CBaseController.php(126): require()
#1 D:\yii\framework\web\CBaseController.php(95): SiteController->renderInternal()
#2 D:\yii\framework\web\CController.php(872): SiteController->renderFile()
#3 D:\yii\framework\web\CController.php(785): SiteController->renderPartial()
#4 C:\xampp\htdocs\klinik\protected\controllers\SiteController.php(32): SiteController->render()
#5 D:\yii\framework\web\actions\CInlineAction.php(49): SiteController->actionIndex()
#6 D:\yii\framework\web\CController.php(308): CInlineAction->runWithParams()
#7 D:\yii\framework\web\CController.php(286): SiteController->runAction()
#8 D:\yii\framework\web\CController.php(265): SiteController->runActionWithFilters()
#9 D:\yii\framework\web\CWebApplication.php(282): SiteController->run()
#10 D:\yii\framework\web\CWebApplication.php(141): CWebApplication->runController()
#11 D:\yii\framework\base\CApplication.php(185): CWebApplication->processRequest()
#12 C:\xampp\htdocs\klinik\index.php(13): CWebApplication->run()
REQUEST_URI=/klinik/index.php?r=site/index
in C:\xampp\htdocs\klinik\protected\views\site\index.php (28)
in C:\xampp\htdocs\klinik\protected\controllers\SiteController.php (32)
in C:\xampp\htdocs\klinik\index.php (13)
2025/04/18 14:32:27 [error] [exception.CHttpException.404] CHttpException: The system is unable to find the requested action "profile". in D:\yii\framework\web\CController.php:486
Stack trace:
#0 D:\yii\framework\web\CController.php(270): CController->missingAction('profile')
#1 D:\yii\framework\web\CWebApplication.php(282): CController->run('profile')
#2 D:\yii\framework\web\CWebApplication.php(141): CWebApplication->runController('site/profile')
#3 D:\yii\framework\base\CApplication.php(185): CWebApplication->processRequest()
#4 C:\xampp\htdocs\klinik\index.php(13): CApplication->run()
#5 {main}
REQUEST_URI=/klinik/index.php?r=site/profile
HTTP_REFERER=http://localhost/klinik/index.php
---
2025/04/18 14:35:14 [error] [exception.ParseError] ParseError: syntax error, unexpected end of file, expecting "elseif" or "else" or "endif" in C:\xampp\htdocs\klinik\protected\views\layouts\main.php:133
Stack trace:
#0 D:\yii\framework\web\CBaseController.php(95): CBaseController->renderInternal('C:\\xampp\\htdocs...', Array, true)
#1 D:\yii\framework\web\widgets\CContentDecorator.php(76): CBaseController->renderFile('C:\\xampp\\htdocs...', Array, true)
#2 D:\yii\framework\web\widgets\CContentDecorator.php(54): CContentDecorator->decorate('<div id="conten...')
#3 D:\yii\framework\web\widgets\COutputProcessor.php(44): CContentDecorator->processOutput('<div id="conten...')
#4 D:\yii\framework\web\CBaseController.php(215): COutputProcessor->run()
#5 D:\yii\framework\web\CBaseController.php(309): CBaseController->endWidget('CContentDecorat...')
#6 C:\xampp\htdocs\klinik\protected\views\layouts\column1.php(6): CBaseController->endContent()
#7 D:\yii\framework\web\CBaseController.php(126): require('C:\\xampp\\htdocs...')
#8 D:\yii\framework\web\CBaseController.php(95): CBaseController->renderInternal('C:\\xampp\\htdocs...', Array, true)
#9 D:\yii\framework\web\CController.php(787): CBaseController->renderFile('C:\\xampp\\htdocs...', Array, true)
#10 C:\xampp\htdocs\klinik\protected\controllers\SiteController.php(32): CController->render('index')
#11 D:\yii\framework\web\actions\CInlineAction.php(49): SiteController->actionIndex()
#12 D:\yii\framework\web\CController.php(308): CInlineAction->runWithParams(Array)
#13 D:\yii\framework\web\CController.php(286): CController->runAction(Object(CInlineAction))
#14 D:\yii\framework\web\CController.php(265): CController->runActionWithFilters(Object(CInlineAction), Array)
#15 D:\yii\framework\web\CWebApplication.php(282): CController->run('')
#16 D:\yii\framework\web\CWebApplication.php(141): CWebApplication->runController('')
#17 D:\yii\framework\base\CApplication.php(185): CWebApplication->processRequest()
#18 C:\xampp\htdocs\klinik\index.php(13): CApplication->run()
#19 {main}
REQUEST_URI=/klinik/index.php
HTTP_REFERER=http://localhost/klinik/index.php?r=site/login
---
2025/04/18 14:50:48 [error] [exception.CHttpException.404] CHttpException: The system is unable to find the requested action "profile". in D:\yii\framework\web\CController.php:486
Stack trace:
#0 D:\yii\framework\web\CController.php(270): CController->missingAction('profile')
#1 D:\yii\framework\web\CWebApplication.php(282): CController->run('profile')
#2 D:\yii\framework\web\CWebApplication.php(141): CWebApplication->runController('site/profile')
#3 D:\yii\framework\base\CApplication.php(185): CWebApplication->processRequest()
#4 C:\xampp\htdocs\klinik\index.php(13): CApplication->run()
#5 {main}
REQUEST_URI=/klinik/index.php?r=site/profile
HTTP_REFERER=http://localhost/klinik/index.php?r=site/contact
---
2025/04/18 15:05:21 [error] [exception.CHttpException.404] CHttpException: The requested view "about" was not found. in D:\yii\framework\web\actions\CViewAction.php:112
Stack trace:
#0 D:\yii\framework\web\actions\CViewAction.php(123): CViewAction->resolveView('about')
#1 D:\yii\framework\web\actions\CAction.php(76): CViewAction->run()
#2 D:\yii\framework\web\CController.php(308): CAction->runWithParams(Array)
#3 D:\yii\framework\web\CController.php(286): CController->runAction(Object(CViewAction))
#4 D:\yii\framework\web\CController.php(265): CController->runActionWithFilters(Object(CViewAction), Array)
#5 D:\yii\framework\web\CWebApplication.php(282): CController->run('page')
#6 D:\yii\framework\web\CWebApplication.php(141): CWebApplication->runController('site/page')
#7 D:\yii\framework\base\CApplication.php(185): CWebApplication->processRequest()
#8 C:\xampp\htdocs\klinik\index.php(13): CApplication->run()
#9 {main}
REQUEST_URI=/klinik/index.php?r=site/page&view=about
HTTP_REFERER=http://localhost/klinik/index.php?r=site/page&view=about
---
2025/04/18 15:06:16 [error] [exception.CHttpException.404] CHttpException: The requested view "about" was not found. in D:\yii\framework\web\actions\CViewAction.php:112
Stack trace:
#0 D:\yii\framework\web\actions\CViewAction.php(123): CViewAction->resolveView('about')
#1 D:\yii\framework\web\actions\CAction.php(76): CViewAction->run()
#2 D:\yii\framework\web\CController.php(308): CAction->runWithParams(Array)
#3 D:\yii\framework\web\CController.php(286): CController->runAction(Object(CViewAction))
#4 D:\yii\framework\web\CController.php(265): CController->runActionWithFilters(Object(CViewAction), Array)
#5 D:\yii\framework\web\CWebApplication.php(282): CController->run('page')
#6 D:\yii\framework\web\CWebApplication.php(141): CWebApplication->runController('site/page')
#7 D:\yii\framework\base\CApplication.php(185): CWebApplication->processRequest()
#8 C:\xampp\htdocs\klinik\index.php(13): CApplication->run()
#9 {main}
REQUEST_URI=/klinik/index.php?r=site/page&view=about
HTTP_REFERER=http://localhost/klinik/index.php?r=site/page&view=about
---
2025/04/18 15:06:22 [error] [exception.CHttpException.404] CHttpException: The system is unable to find the requested action "about". in D:\yii\framework\web\CController.php:486
Stack trace:
#0 D:\yii\framework\web\CController.php(270): CController->missingAction('about')
#1 D:\yii\framework\web\CWebApplication.php(282): CController->run('about')
#2 D:\yii\framework\web\CWebApplication.php(141): CWebApplication->runController('site/about')
#3 D:\yii\framework\base\CApplication.php(185): CWebApplication->processRequest()
#4 C:\xampp\htdocs\klinik\index.php(13): CApplication->run()
#5 {main}
REQUEST_URI=/klinik/index.php?r=site/about
HTTP_REFERER=http://localhost/klinik/index.php?r=site/index
---
2025/04/18 15:06:42 [error] [exception.CHttpException.404] CHttpException: The system is unable to find the requested action "about". in D:\yii\framework\web\CController.php:486
Stack trace:
#0 D:\yii\framework\web\CController.php(270): CController->missingAction('about')
#1 D:\yii\framework\web\CWebApplication.php(282): CController->run('about')
#2 D:\yii\framework\web\CWebApplication.php(141): CWebApplication->runController('site/about')
#3 D:\yii\framework\base\CApplication.php(185): CWebApplication->processRequest()
#4 C:\xampp\htdocs\klinik\index.php(13): CApplication->run()
#5 {main}
REQUEST_URI=/klinik/index.php?r=site/about
HTTP_REFERER=http://localhost/klinik/index.php?r=site/index
---
2025/04/18 16:04:47 [error] [php] include(User.php): Failed to open stream: No such file or directory (D:\yii\framework\YiiBase.php:463)
Stack trace:
#0 D:\yii\framework\YiiBase.php(463): include()
#1 C:\xampp\htdocs\klinik\protected\controllers\SiteController.php(103): autoload()
#2 D:\yii\framework\web\actions\CInlineAction.php(49): SiteController->actionRegister()
#3 D:\yii\framework\web\CController.php(308): CInlineAction->runWithParams()
#4 D:\yii\framework\web\CController.php(286): SiteController->runAction()
#5 D:\yii\framework\web\CController.php(265): SiteController->runActionWithFilters()
#6 D:\yii\framework\web\CWebApplication.php(282): SiteController->run()
#7 D:\yii\framework\web\CWebApplication.php(141): CWebApplication->runController()
#8 D:\yii\framework\base\CApplication.php(185): CWebApplication->processRequest()
#9 C:\xampp\htdocs\klinik\index.php(13): CWebApplication->run()
REQUEST_URI=/klinik/index.php?r=site/register
in C:\xampp\htdocs\klinik\protected\controllers\SiteController.php (103)
in C:\xampp\htdocs\klinik\index.php (13)
2025/04/18 16:05:02 [error] [php] include(User.php): Failed to open stream: No such file or directory (D:\yii\framework\YiiBase.php:463)
Stack trace:
#0 D:\yii\framework\YiiBase.php(463): include()
#1 C:\xampp\htdocs\klinik\protected\controllers\SiteController.php(103): autoload()
#2 D:\yii\framework\web\actions\CInlineAction.php(49): SiteController->actionRegister()
#3 D:\yii\framework\web\CController.php(308): CInlineAction->runWithParams()
#4 D:\yii\framework\web\CController.php(286): SiteController->runAction()
#5 D:\yii\framework\web\CController.php(265): SiteController->runActionWithFilters()
#6 D:\yii\framework\web\CWebApplication.php(282): SiteController->run()
#7 D:\yii\framework\web\CWebApplication.php(141): CWebApplication->runController()
#8 D:\yii\framework\base\CApplication.php(185): CWebApplication->processRequest()
#9 C:\xampp\htdocs\klinik\index.php(13): CWebApplication->run()
REQUEST_URI=/klinik/index.php?r=site/register
in C:\xampp\htdocs\klinik\protected\controllers\SiteController.php (103)
in C:\xampp\htdocs\klinik\index.php (13)
2025/04/18 16:07:29 [error] [exception.Error] Error: Class "User" not found in C:\xampp\htdocs\klinik\protected\controllers\SiteController.php:103
Stack trace:
#0 D:\yii\framework\web\actions\CInlineAction.php(49): SiteController->actionRegister()
#1 D:\yii\framework\web\CController.php(308): CInlineAction->runWithParams(Array)
#2 D:\yii\framework\web\CController.php(286): CController->runAction(Object(CInlineAction))
#3 D:\yii\framework\web\CController.php(265): CController->runActionWithFilters(Object(CInlineAction), Array)
#4 D:\yii\framework\web\CWebApplication.php(282): CController->run('register')
#5 D:\yii\framework\web\CWebApplication.php(141): CWebApplication->runController('site/register')
#6 D:\yii\framework\base\CApplication.php(185): CWebApplication->processRequest()
#7 C:\xampp\htdocs\klinik\index.php(13): CApplication->run()
#8 {main}
REQUEST_URI=/klinik/index.php?r=site/register
HTTP_REFERER=http://localhost/klinik/index.php?r=site/login
---
2025/04/18 16:07:30 [error] [exception.Error] Error: Class "User" not found in C:\xampp\htdocs\klinik\protected\controllers\SiteController.php:103
Stack trace:
#0 D:\yii\framework\web\actions\CInlineAction.php(49): SiteController->actionRegister()
#1 D:\yii\framework\web\CController.php(308): CInlineAction->runWithParams(Array)
#2 D:\yii\framework\web\CController.php(286): CController->runAction(Object(CInlineAction))
#3 D:\yii\framework\web\CController.php(265): CController->runActionWithFilters(Object(CInlineAction), Array)
#4 D:\yii\framework\web\CWebApplication.php(282): CController->run('register')
#5 D:\yii\framework\web\CWebApplication.php(141): CWebApplication->runController('site/register')
#6 D:\yii\framework\base\CApplication.php(185): CWebApplication->processRequest()
#7 C:\xampp\htdocs\klinik\index.php(13): CApplication->run()
#8 {main}
REQUEST_URI=/klinik/index.php?r=site/register
HTTP_REFERER=http://localhost/klinik/index.php?r=site/login
---
2025/04/18 16:09:36 [error] [exception.Error] Error: Class "User" not found in C:\xampp\htdocs\klinik\protected\controllers\SiteController.php:103
Stack trace:
#0 D:\yii\framework\web\actions\CInlineAction.php(49): SiteController->actionRegister()
#1 D:\yii\framework\web\CController.php(308): CInlineAction->runWithParams(Array)
#2 D:\yii\framework\web\CController.php(286): CController->runAction(Object(CInlineAction))
#3 D:\yii\framework\web\CController.php(265): CController->runActionWithFilters(Object(CInlineAction), Array)
#4 D:\yii\framework\web\CWebApplication.php(282): CController->run('register')
#5 D:\yii\framework\web\CWebApplication.php(141): CWebApplication->runController('site/register')
#6 D:\yii\framework\base\CApplication.php(185): CWebApplication->processRequest()
#7 C:\xampp\htdocs\klinik\index.php(13): CApplication->run()
#8 {main}
REQUEST_URI=/klinik/index.php?r=site/register
HTTP_REFERER=http://localhost/klinik/index.php?r=site/login
---
2025/04/18 16:09:38 [error] [exception.Error] Error: Class "User" not found in C:\xampp\htdocs\klinik\protected\controllers\SiteController.php:103
Stack trace:
#0 D:\yii\framework\web\actions\CInlineAction.php(49): SiteController->actionRegister()
#1 D:\yii\framework\web\CController.php(308): CInlineAction->runWithParams(Array)
#2 D:\yii\framework\web\CController.php(286): CController->runAction(Object(CInlineAction))
#3 D:\yii\framework\web\CController.php(265): CController->runActionWithFilters(Object(CInlineAction), Array)
#4 D:\yii\framework\web\CWebApplication.php(282): CController->run('register')
#5 D:\yii\framework\web\CWebApplication.php(141): CWebApplication->runController('site/register')
#6 D:\yii\framework\base\CApplication.php(185): CWebApplication->processRequest()
#7 C:\xampp\htdocs\klinik\index.php(13): CApplication->run()
#8 {main}
REQUEST_URI=/klinik/index.php?r=site/register
HTTP_REFERER=http://localhost/klinik/index.php?r=site/login
---
2025/04/18 16:09:49 [error] [exception.Error] Error: Class "User" not found in C:\xampp\htdocs\klinik\protected\controllers\SiteController.php:103
Stack trace:
#0 D:\yii\framework\web\actions\CInlineAction.php(49): SiteController->actionRegister()
#1 D:\yii\framework\web\CController.php(308): CInlineAction->runWithParams(Array)
#2 D:\yii\framework\web\CController.php(286): CController->runAction(Object(CInlineAction))
#3 D:\yii\framework\web\CController.php(265): CController->runActionWithFilters(Object(CInlineAction), Array)
#4 D:\yii\framework\web\CWebApplication.php(282): CController->run('register')
#5 D:\yii\framework\web\CWebApplication.php(141): CWebApplication->runController('site/register')
#6 D:\yii\framework\base\CApplication.php(185): CWebApplication->processRequest()
#7 C:\xampp\htdocs\klinik\index.php(13): CApplication->run()
#8 {main}
REQUEST_URI=/klinik/index.php?r=site/register
HTTP_REFERER=http://localhost/klinik/index.php?r=site/login
---
2025/04/18 16:11:01 [error] [exception.CDbException] CDbException: CDbConnection failed to open the DB connection: could not find driver in D:\yii\framework\db\CDbConnection.php:399
Stack trace:
#0 D:\yii\framework\db\CDbConnection.php(347): CDbConnection->open()
#1 D:\yii\framework\db\CDbConnection.php(325): CDbConnection->setActive(true)
#2 D:\yii\framework\base\CModule.php(394): CDbConnection->init()
#3 D:\yii\framework\base\CApplication.php(459): CModule->getComponent('db')
#4 D:\yii\framework\db\ar\CActiveRecord.php(639): CApplication->getDb()
#5 D:\yii\framework\db\ar\CActiveRecord.php(2390): CActiveRecord->getDbConnection()
#6 D:\yii\framework\db\ar\CActiveRecord.php(413): CActiveRecordMetaData->__construct(Object(User))
#7 D:\yii\framework\db\ar\CActiveRecord.php(79): CActiveRecord->getMetaData()
#8 C:\xampp\htdocs\klinik\protected\controllers\SiteController.php(103): CActiveRecord->__construct()
#9 D:\yii\framework\web\actions\CInlineAction.php(49): SiteController->actionRegister()
#10 D:\yii\framework\web\CController.php(308): CInlineAction->runWithParams(Array)
#11 D:\yii\framework\web\CController.php(286): CController->runAction(Object(CInlineAction))
#12 D:\yii\framework\web\CController.php(265): CController->runActionWithFilters(Object(CInlineAction), Array)
#13 D:\yii\framework\web\CWebApplication.php(282): CController->run('register')
#14 D:\yii\framework\web\CWebApplication.php(141): CWebApplication->runController('site/register')
#15 D:\yii\framework\base\CApplication.php(185): CWebApplication->processRequest()
#16 C:\xampp\htdocs\klinik\index.php(13): CApplication->run()
#17 {main}
REQUEST_URI=/klinik/index.php?r=site/register
HTTP_REFERER=http://localhost/klinik/index.php?r=site/login
---
2025/04/18 16:13:20 [error] [exception.CDbException] CDbException: CDbConnection failed to open the DB connection: SQLSTATE[08006] [7] FATAL:  database "nama_database" does not exist in D:\yii\framework\db\CDbConnection.php:399
Stack trace:
#0 D:\yii\framework\db\CDbConnection.php(347): CDbConnection->open()
#1 D:\yii\framework\db\CDbConnection.php(325): CDbConnection->setActive(true)
#2 D:\yii\framework\base\CModule.php(394): CDbConnection->init()
#3 D:\yii\framework\base\CApplication.php(459): CModule->getComponent('db')
#4 D:\yii\framework\db\ar\CActiveRecord.php(639): CApplication->getDb()
#5 D:\yii\framework\db\ar\CActiveRecord.php(2390): CActiveRecord->getDbConnection()
#6 D:\yii\framework\db\ar\CActiveRecord.php(413): CActiveRecordMetaData->__construct(Object(User))
#7 D:\yii\framework\db\ar\CActiveRecord.php(79): CActiveRecord->getMetaData()
#8 C:\xampp\htdocs\klinik\protected\controllers\SiteController.php(103): CActiveRecord->__construct()
#9 D:\yii\framework\web\actions\CInlineAction.php(49): SiteController->actionRegister()
#10 D:\yii\framework\web\CController.php(308): CInlineAction->runWithParams(Array)
#11 D:\yii\framework\web\CController.php(286): CController->runAction(Object(CInlineAction))
#12 D:\yii\framework\web\CController.php(265): CController->runActionWithFilters(Object(CInlineAction), Array)
#13 D:\yii\framework\web\CWebApplication.php(282): CController->run('register')
#14 D:\yii\framework\web\CWebApplication.php(141): CWebApplication->runController('site/register')
#15 D:\yii\framework\base\CApplication.php(185): CWebApplication->processRequest()
#16 C:\xampp\htdocs\klinik\index.php(13): CApplication->run()
#17 {main}
REQUEST_URI=/klinik/index.php?r=site/register
HTTP_REFERER=http://localhost/klinik/index.php?r=site/login
---
2025/04/18 16:13:23 [error] [exception.CDbException] CDbException: CDbConnection failed to open the DB connection: SQLSTATE[08006] [7] FATAL:  database "nama_database" does not exist in D:\yii\framework\db\CDbConnection.php:399
Stack trace:
#0 D:\yii\framework\db\CDbConnection.php(347): CDbConnection->open()
#1 D:\yii\framework\db\CDbConnection.php(325): CDbConnection->setActive(true)
#2 D:\yii\framework\base\CModule.php(394): CDbConnection->init()
#3 D:\yii\framework\base\CApplication.php(459): CModule->getComponent('db')
#4 D:\yii\framework\db\ar\CActiveRecord.php(639): CApplication->getDb()
#5 D:\yii\framework\db\ar\CActiveRecord.php(2390): CActiveRecord->getDbConnection()
#6 D:\yii\framework\db\ar\CActiveRecord.php(413): CActiveRecordMetaData->__construct(Object(User))
#7 D:\yii\framework\db\ar\CActiveRecord.php(79): CActiveRecord->getMetaData()
#8 C:\xampp\htdocs\klinik\protected\controllers\SiteController.php(103): CActiveRecord->__construct()
#9 D:\yii\framework\web\actions\CInlineAction.php(49): SiteController->actionRegister()
#10 D:\yii\framework\web\CController.php(308): CInlineAction->runWithParams(Array)
#11 D:\yii\framework\web\CController.php(286): CController->runAction(Object(CInlineAction))
#12 D:\yii\framework\web\CController.php(265): CController->runActionWithFilters(Object(CInlineAction), Array)
#13 D:\yii\framework\web\CWebApplication.php(282): CController->run('register')
#14 D:\yii\framework\web\CWebApplication.php(141): CWebApplication->runController('site/register')
#15 D:\yii\framework\base\CApplication.php(185): CWebApplication->processRequest()
#16 C:\xampp\htdocs\klinik\index.php(13): CApplication->run()
#17 {main}
REQUEST_URI=/klinik/index.php?r=site/register
HTTP_REFERER=http://localhost/klinik/index.php?r=site/login
---
2025/04/18 16:32:10 [error] [exception.CHttpException.404] CHttpException: The system is unable to find the requested action "profile". in D:\yii\framework\web\CController.php:486
Stack trace:
#0 D:\yii\framework\web\CController.php(270): CController->missingAction('profile')
#1 D:\yii\framework\web\CWebApplication.php(282): CController->run('profile')
#2 D:\yii\framework\web\CWebApplication.php(141): CWebApplication->runController('site/profile')
#3 D:\yii\framework\base\CApplication.php(185): CWebApplication->processRequest()
#4 C:\xampp\htdocs\klinik\index.php(13): CApplication->run()
#5 {main}
REQUEST_URI=/klinik/index.php?r=site/profile
HTTP_REFERER=http://localhost/klinik/index.php
---
2025/04/18 16:32:56 [error] [exception.CException] CException: SiteController cannot find the requested view "profile". in D:\yii\framework\web\CController.php:881
Stack trace:
#0 D:\yii\framework\web\CController.php(785): CController->renderPartial('profile', Array, true)
#1 C:\xampp\htdocs\klinik\protected\controllers\SiteController.php(132): CController->render('profile', Array)
#2 D:\yii\framework\web\actions\CInlineAction.php(49): SiteController->actionProfile()
#3 D:\yii\framework\web\CController.php(308): CInlineAction->runWithParams(Array)
#4 D:\yii\framework\web\CController.php(286): CController->runAction(Object(CInlineAction))
#5 D:\yii\framework\web\CController.php(265): CController->runActionWithFilters(Object(CInlineAction), Array)
#6 D:\yii\framework\web\CWebApplication.php(282): CController->run('profile')
#7 D:\yii\framework\web\CWebApplication.php(141): CWebApplication->runController('site/profile')
#8 D:\yii\framework\base\CApplication.php(185): CWebApplication->processRequest()
#9 C:\xampp\htdocs\klinik\index.php(13): CApplication->run()
#10 {main}
REQUEST_URI=/klinik/index.php?r=site/profile
HTTP_REFERER=http://localhost/klinik/index.php
---
2025/04/18 16:33:06 [error] [exception.CException] CException: SiteController cannot find the requested view "profile". in D:\yii\framework\web\CController.php:881
Stack trace:
#0 D:\yii\framework\web\CController.php(785): CController->renderPartial('profile', Array, true)
#1 C:\xampp\htdocs\klinik\protected\controllers\SiteController.php(132): CController->render('profile', Array)
#2 D:\yii\framework\web\actions\CInlineAction.php(49): SiteController->actionProfile()
#3 D:\yii\framework\web\CController.php(308): CInlineAction->runWithParams(Array)
#4 D:\yii\framework\web\CController.php(286): CController->runAction(Object(CInlineAction))
#5 D:\yii\framework\web\CController.php(265): CController->runActionWithFilters(Object(CInlineAction), Array)
#6 D:\yii\framework\web\CWebApplication.php(282): CController->run('profile')
#7 D:\yii\framework\web\CWebApplication.php(141): CWebApplication->runController('site/profile')
#8 D:\yii\framework\base\CApplication.php(185): CWebApplication->processRequest()
#9 C:\xampp\htdocs\klinik\index.php(13): CApplication->run()
#10 {main}
REQUEST_URI=/klinik/index.php?r=site/profile
HTTP_REFERER=http://localhost/klinik/index.php
---
2025/04/18 16:35:03 [error] [exception.CHttpException.404] CHttpException: The system is unable to find the requested action "dashboard". in D:\yii\framework\web\CController.php:486
Stack trace:
#0 D:\yii\framework\web\CController.php(270): CController->missingAction('dashboard')
#1 D:\yii\framework\web\CWebApplication.php(282): CController->run('dashboard')
#2 D:\yii\framework\web\CWebApplication.php(141): CWebApplication->runController('site/dashboard')
#3 D:\yii\framework\base\CApplication.php(185): CWebApplication->processRequest()
#4 C:\xampp\htdocs\klinik\index.php(13): CApplication->run()
#5 {main}
REQUEST_URI=/klinik/index.php?r=site/dashboard
HTTP_REFERER=http://localhost/klinik/index.php?r=site/profile
---
2025/04/18 16:35:22 [error] [exception.CHttpException.404] CHttpException: The system is unable to find the requested action "dashboard". in D:\yii\framework\web\CController.php:486
Stack trace:
#0 D:\yii\framework\web\CController.php(270): CController->missingAction('dashboard')
#1 D:\yii\framework\web\CWebApplication.php(282): CController->run('dashboard')
#2 D:\yii\framework\web\CWebApplication.php(141): CWebApplication->runController('site/dashboard')
#3 D:\yii\framework\base\CApplication.php(185): CWebApplication->processRequest()
#4 C:\xampp\htdocs\klinik\index.php(13): CApplication->run()
#5 {main}
REQUEST_URI=/klinik/index.php?r=site/dashboard
HTTP_REFERER=http://localhost/klinik/index.php?r=site/profile
---
2025/04/18 16:35:27 [error] [system.db.CDbCommand] CDbCommand::fetchColumn() failed: SQLSTATE[42703]: Undefined column: 7 ERROR:  column "pasien" does not exist
LINE 1: SELECT COUNT(*) FROM users WHERE role="pasien"
                                              ^. The SQL statement executed was: SELECT COUNT(*) FROM users WHERE role="pasien".
in C:\xampp\htdocs\klinik\protected\controllers\SiteController.php (141)
in C:\xampp\htdocs\klinik\index.php (13)
2025/04/18 16:35:27 [error] [exception.CDbException] CDbException: CDbCommand failed to execute the SQL statement: SQLSTATE[42703]: Undefined column: 7 ERROR:  column "pasien" does not exist
LINE 1: SELECT COUNT(*) FROM users WHERE role="pasien"
                                              ^. The SQL statement executed was: SELECT COUNT(*) FROM users WHERE role="pasien" in D:\yii\framework\db\CDbCommand.php:543
Stack trace:
#0 D:\yii\framework\db\CDbCommand.php(433): CDbCommand->queryInternal('fetchColumn', 0, Array)
#1 C:\xampp\htdocs\klinik\protected\controllers\SiteController.php(141): CDbCommand->queryScalar()
#2 D:\yii\framework\web\actions\CInlineAction.php(49): SiteController->actionAdminDashboard()
#3 D:\yii\framework\web\CController.php(308): CInlineAction->runWithParams(Array)
#4 D:\yii\framework\web\CController.php(286): CController->runAction(Object(CInlineAction))
#5 D:\yii\framework\web\CController.php(265): CController->runActionWithFilters(Object(CInlineAction), Array)
#6 D:\yii\framework\web\CWebApplication.php(282): CController->run('adminDashboard')
#7 D:\yii\framework\web\CWebApplication.php(141): CWebApplication->runController('site/adminDashb...')
#8 D:\yii\framework\base\CApplication.php(185): CWebApplication->processRequest()
#9 C:\xampp\htdocs\klinik\index.php(13): CApplication->run()
#10 {main}
REQUEST_URI=/klinik/index.php?r=site/adminDashboard
HTTP_REFERER=http://localhost/klinik/index.php?r=site/profile
---
2025/04/18 16:37:23 [error] [system.db.CDbCommand] CDbCommand::fetchColumn() failed: SQLSTATE[42P01]: Undefined table: 7 ERROR:  relation "pembayaran" does not exist
LINE 1: SELECT SUM(jumlah) FROM pembayaran
                                ^. The SQL statement executed was: SELECT SUM(jumlah) FROM pembayaran.
in C:\xampp\htdocs\klinik\protected\controllers\SiteController.php (147)
in C:\xampp\htdocs\klinik\index.php (13)
2025/04/18 16:37:23 [error] [exception.CDbException] CDbException: CDbCommand failed to execute the SQL statement: SQLSTATE[42P01]: Undefined table: 7 ERROR:  relation "pembayaran" does not exist
LINE 1: SELECT SUM(jumlah) FROM pembayaran
                                ^. The SQL statement executed was: SELECT SUM(jumlah) FROM pembayaran in D:\yii\framework\db\CDbCommand.php:543
Stack trace:
#0 D:\yii\framework\db\CDbCommand.php(433): CDbCommand->queryInternal('fetchColumn', 0, Array)
#1 C:\xampp\htdocs\klinik\protected\controllers\SiteController.php(147): CDbCommand->queryScalar()
#2 D:\yii\framework\web\actions\CInlineAction.php(49): SiteController->actionAdminDashboard()
#3 D:\yii\framework\web\CController.php(308): CInlineAction->runWithParams(Array)
#4 D:\yii\framework\web\CController.php(286): CController->runAction(Object(CInlineAction))
#5 D:\yii\framework\web\CController.php(265): CController->runActionWithFilters(Object(CInlineAction), Array)
#6 D:\yii\framework\web\CWebApplication.php(282): CController->run('adminDashboard')
#7 D:\yii\framework\web\CWebApplication.php(141): CWebApplication->runController('site/adminDashb...')
#8 D:\yii\framework\base\CApplication.php(185): CWebApplication->processRequest()
#9 C:\xampp\htdocs\klinik\index.php(13): CApplication->run()
#10 {main}
REQUEST_URI=/klinik/index.php?r=site/adminDashboard
HTTP_REFERER=http://localhost/klinik/index.php?r=site/profile
---
2025/04/18 16:37:55 [error] [system.db.CDbCommand] CDbCommand::fetchColumn() failed: SQLSTATE[42601]: Syntax error: 7 ERROR:  syntax error at or near "'tindakan'"
LINE 1: SELECT COUNT(*) FROM 'tindakan'
                             ^. The SQL statement executed was: SELECT COUNT(*) FROM 'tindakan'.
in C:\xampp\htdocs\klinik\protected\controllers\SiteController.php (144)
in C:\xampp\htdocs\klinik\index.php (13)
2025/04/18 16:37:55 [error] [exception.CDbException] CDbException: CDbCommand failed to execute the SQL statement: SQLSTATE[42601]: Syntax error: 7 ERROR:  syntax error at or near "'tindakan'"
LINE 1: SELECT COUNT(*) FROM 'tindakan'
                             ^. The SQL statement executed was: SELECT COUNT(*) FROM 'tindakan' in D:\yii\framework\db\CDbCommand.php:543
Stack trace:
#0 D:\yii\framework\db\CDbCommand.php(433): CDbCommand->queryInternal('fetchColumn', 0, Array)
#1 C:\xampp\htdocs\klinik\protected\controllers\SiteController.php(144): CDbCommand->queryScalar()
#2 D:\yii\framework\web\actions\CInlineAction.php(49): SiteController->actionAdminDashboard()
#3 D:\yii\framework\web\CController.php(308): CInlineAction->runWithParams(Array)
#4 D:\yii\framework\web\CController.php(286): CController->runAction(Object(CInlineAction))
#5 D:\yii\framework\web\CController.php(265): CController->runActionWithFilters(Object(CInlineAction), Array)
#6 D:\yii\framework\web\CWebApplication.php(282): CController->run('adminDashboard')
#7 D:\yii\framework\web\CWebApplication.php(141): CWebApplication->runController('site/adminDashb...')
#8 D:\yii\framework\base\CApplication.php(185): CWebApplication->processRequest()
#9 C:\xampp\htdocs\klinik\index.php(13): CApplication->run()
#10 {main}
REQUEST_URI=/klinik/index.php?r=site/adminDashboard
HTTP_REFERER=http://localhost/klinik/index.php?r=site/profile
---
2025/04/18 16:37:57 [error] [system.db.CDbCommand] CDbCommand::fetchColumn() failed: SQLSTATE[42601]: Syntax error: 7 ERROR:  syntax error at or near "'tindakan'"
LINE 1: SELECT COUNT(*) FROM 'tindakan'
                             ^. The SQL statement executed was: SELECT COUNT(*) FROM 'tindakan'.
in C:\xampp\htdocs\klinik\protected\controllers\SiteController.php (144)
in C:\xampp\htdocs\klinik\index.php (13)
2025/04/18 16:37:57 [error] [exception.CDbException] CDbException: CDbCommand failed to execute the SQL statement: SQLSTATE[42601]: Syntax error: 7 ERROR:  syntax error at or near "'tindakan'"
LINE 1: SELECT COUNT(*) FROM 'tindakan'
                             ^. The SQL statement executed was: SELECT COUNT(*) FROM 'tindakan' in D:\yii\framework\db\CDbCommand.php:543
Stack trace:
#0 D:\yii\framework\db\CDbCommand.php(433): CDbCommand->queryInternal('fetchColumn', 0, Array)
#1 C:\xampp\htdocs\klinik\protected\controllers\SiteController.php(144): CDbCommand->queryScalar()
#2 D:\yii\framework\web\actions\CInlineAction.php(49): SiteController->actionAdminDashboard()
#3 D:\yii\framework\web\CController.php(308): CInlineAction->runWithParams(Array)
#4 D:\yii\framework\web\CController.php(286): CController->runAction(Object(CInlineAction))
#5 D:\yii\framework\web\CController.php(265): CController->runActionWithFilters(Object(CInlineAction), Array)
#6 D:\yii\framework\web\CWebApplication.php(282): CController->run('adminDashboard')
#7 D:\yii\framework\web\CWebApplication.php(141): CWebApplication->runController('site/adminDashb...')
#8 D:\yii\framework\base\CApplication.php(185): CWebApplication->processRequest()
#9 C:\xampp\htdocs\klinik\index.php(13): CApplication->run()
#10 {main}
REQUEST_URI=/klinik/index.php?r=site/adminDashboard
HTTP_REFERER=http://localhost/klinik/index.php?r=site/profile
---
2025/04/18 16:38:03 [error] [system.db.CDbCommand] CDbCommand::fetchColumn() failed: SQLSTATE[42601]: Syntax error: 7 ERROR:  syntax error at or near "'tindakan'"
LINE 1: SELECT COUNT(*) FROM 'tindakan'
                             ^. The SQL statement executed was: SELECT COUNT(*) FROM 'tindakan'.
in C:\xampp\htdocs\klinik\protected\controllers\SiteController.php (144)
in C:\xampp\htdocs\klinik\index.php (13)
2025/04/18 16:38:03 [error] [exception.CDbException] CDbException: CDbCommand failed to execute the SQL statement: SQLSTATE[42601]: Syntax error: 7 ERROR:  syntax error at or near "'tindakan'"
LINE 1: SELECT COUNT(*) FROM 'tindakan'
                             ^. The SQL statement executed was: SELECT COUNT(*) FROM 'tindakan' in D:\yii\framework\db\CDbCommand.php:543
Stack trace:
#0 D:\yii\framework\db\CDbCommand.php(433): CDbCommand->queryInternal('fetchColumn', 0, Array)
#1 C:\xampp\htdocs\klinik\protected\controllers\SiteController.php(144): CDbCommand->queryScalar()
#2 D:\yii\framework\web\actions\CInlineAction.php(49): SiteController->actionAdminDashboard()
#3 D:\yii\framework\web\CController.php(308): CInlineAction->runWithParams(Array)
#4 D:\yii\framework\web\CController.php(286): CController->runAction(Object(CInlineAction))
#5 D:\yii\framework\web\CController.php(265): CController->runActionWithFilters(Object(CInlineAction), Array)
#6 D:\yii\framework\web\CWebApplication.php(282): CController->run('adminDashboard')
#7 D:\yii\framework\web\CWebApplication.php(141): CWebApplication->runController('site/adminDashb...')
#8 D:\yii\framework\base\CApplication.php(185): CWebApplication->processRequest()
#9 C:\xampp\htdocs\klinik\index.php(13): CApplication->run()
#10 {main}
REQUEST_URI=/klinik/index.php?r=site/adminDashboard
HTTP_REFERER=http://localhost/klinik/index.php?r=site/profile
---
2025/04/18 16:38:08 [error] [system.db.CDbCommand] CDbCommand::fetchColumn() failed: SQLSTATE[42601]: Syntax error: 7 ERROR:  syntax error at or near "'pembayaran'"
LINE 1: SELECT SUM(jumlah) FROM 'pembayaran'
                                ^. The SQL statement executed was: SELECT SUM(jumlah) FROM 'pembayaran'.
in C:\xampp\htdocs\klinik\protected\controllers\SiteController.php (147)
in C:\xampp\htdocs\klinik\index.php (13)
2025/04/18 16:38:08 [error] [exception.CDbException] CDbException: CDbCommand failed to execute the SQL statement: SQLSTATE[42601]: Syntax error: 7 ERROR:  syntax error at or near "'pembayaran'"
LINE 1: SELECT SUM(jumlah) FROM 'pembayaran'
                                ^. The SQL statement executed was: SELECT SUM(jumlah) FROM 'pembayaran' in D:\yii\framework\db\CDbCommand.php:543
Stack trace:
#0 D:\yii\framework\db\CDbCommand.php(433): CDbCommand->queryInternal('fetchColumn', 0, Array)
#1 C:\xampp\htdocs\klinik\protected\controllers\SiteController.php(147): CDbCommand->queryScalar()
#2 D:\yii\framework\web\actions\CInlineAction.php(49): SiteController->actionAdminDashboard()
#3 D:\yii\framework\web\CController.php(308): CInlineAction->runWithParams(Array)
#4 D:\yii\framework\web\CController.php(286): CController->runAction(Object(CInlineAction))
#5 D:\yii\framework\web\CController.php(265): CController->runActionWithFilters(Object(CInlineAction), Array)
#6 D:\yii\framework\web\CWebApplication.php(282): CController->run('adminDashboard')
#7 D:\yii\framework\web\CWebApplication.php(141): CWebApplication->runController('site/adminDashb...')
#8 D:\yii\framework\base\CApplication.php(185): CWebApplication->processRequest()
#9 C:\xampp\htdocs\klinik\index.php(13): CApplication->run()
#10 {main}
REQUEST_URI=/klinik/index.php?r=site/adminDashboard
HTTP_REFERER=http://localhost/klinik/index.php?r=site/profile
---
2025/04/18 16:38:11 [error] [system.db.CDbCommand] CDbCommand::fetchColumn() failed: SQLSTATE[42601]: Syntax error: 7 ERROR:  syntax error at or near "'pembayaran'"
LINE 1: SELECT SUM(jumlah) FROM 'pembayaran'
                                ^. The SQL statement executed was: SELECT SUM(jumlah) FROM 'pembayaran'.
in C:\xampp\htdocs\klinik\protected\controllers\SiteController.php (147)
in C:\xampp\htdocs\klinik\index.php (13)
2025/04/18 16:38:11 [error] [exception.CDbException] CDbException: CDbCommand failed to execute the SQL statement: SQLSTATE[42601]: Syntax error: 7 ERROR:  syntax error at or near "'pembayaran'"
LINE 1: SELECT SUM(jumlah) FROM 'pembayaran'
                                ^. The SQL statement executed was: SELECT SUM(jumlah) FROM 'pembayaran' in D:\yii\framework\db\CDbCommand.php:543
Stack trace:
#0 D:\yii\framework\db\CDbCommand.php(433): CDbCommand->queryInternal('fetchColumn', 0, Array)
#1 C:\xampp\htdocs\klinik\protected\controllers\SiteController.php(147): CDbCommand->queryScalar()
#2 D:\yii\framework\web\actions\CInlineAction.php(49): SiteController->actionAdminDashboard()
#3 D:\yii\framework\web\CController.php(308): CInlineAction->runWithParams(Array)
#4 D:\yii\framework\web\CController.php(286): CController->runAction(Object(CInlineAction))
#5 D:\yii\framework\web\CController.php(265): CController->runActionWithFilters(Object(CInlineAction), Array)
#6 D:\yii\framework\web\CWebApplication.php(282): CController->run('adminDashboard')
#7 D:\yii\framework\web\CWebApplication.php(141): CWebApplication->runController('site/adminDashb...')
#8 D:\yii\framework\base\CApplication.php(185): CWebApplication->processRequest()
#9 C:\xampp\htdocs\klinik\index.php(13): CApplication->run()
#10 {main}
REQUEST_URI=/klinik/index.php?r=site/adminDashboard
HTTP_REFERER=http://localhost/klinik/index.php?r=site/profile
---
2025/04/18 16:38:53 [error] [system.db.CDbCommand] CDbCommand::fetchColumn() failed: SQLSTATE[42P01]: Undefined table: 7 ERROR:  relation "pembayaran" does not exist
LINE 1: SELECT COALESCE(SUM(jumlah), 0) FROM pembayaran
                                             ^. The SQL statement executed was: SELECT COALESCE(SUM(jumlah), 0) FROM pembayaran.
in C:\xampp\htdocs\klinik\protected\controllers\SiteController.php (148)
in C:\xampp\htdocs\klinik\index.php (13)
2025/04/18 16:38:53 [error] [exception.CDbException] CDbException: CDbCommand failed to execute the SQL statement: SQLSTATE[42P01]: Undefined table: 7 ERROR:  relation "pembayaran" does not exist
LINE 1: SELECT COALESCE(SUM(jumlah), 0) FROM pembayaran
                                             ^. The SQL statement executed was: SELECT COALESCE(SUM(jumlah), 0) FROM pembayaran in D:\yii\framework\db\CDbCommand.php:543
Stack trace:
#0 D:\yii\framework\db\CDbCommand.php(433): CDbCommand->queryInternal('fetchColumn', 0, Array)
#1 C:\xampp\htdocs\klinik\protected\controllers\SiteController.php(148): CDbCommand->queryScalar()
#2 D:\yii\framework\web\actions\CInlineAction.php(49): SiteController->actionAdminDashboard()
#3 D:\yii\framework\web\CController.php(308): CInlineAction->runWithParams(Array)
#4 D:\yii\framework\web\CController.php(286): CController->runAction(Object(CInlineAction))
#5 D:\yii\framework\web\CController.php(265): CController->runActionWithFilters(Object(CInlineAction), Array)
#6 D:\yii\framework\web\CWebApplication.php(282): CController->run('adminDashboard')
#7 D:\yii\framework\web\CWebApplication.php(141): CWebApplication->runController('site/adminDashb...')
#8 D:\yii\framework\base\CApplication.php(185): CWebApplication->processRequest()
#9 C:\xampp\htdocs\klinik\index.php(13): CApplication->run()
#10 {main}
REQUEST_URI=/klinik/index.php?r=site/adminDashboard
HTTP_REFERER=http://localhost/klinik/index.php?r=site/profile
---
2025/04/18 16:38:55 [error] [system.db.CDbCommand] CDbCommand::fetchColumn() failed: SQLSTATE[42P01]: Undefined table: 7 ERROR:  relation "pembayaran" does not exist
LINE 1: SELECT COALESCE(SUM(jumlah), 0) FROM pembayaran
                                             ^. The SQL statement executed was: SELECT COALESCE(SUM(jumlah), 0) FROM pembayaran.
in C:\xampp\htdocs\klinik\protected\controllers\SiteController.php (148)
in C:\xampp\htdocs\klinik\index.php (13)
2025/04/18 16:38:55 [error] [exception.CDbException] CDbException: CDbCommand failed to execute the SQL statement: SQLSTATE[42P01]: Undefined table: 7 ERROR:  relation "pembayaran" does not exist
LINE 1: SELECT COALESCE(SUM(jumlah), 0) FROM pembayaran
                                             ^. The SQL statement executed was: SELECT COALESCE(SUM(jumlah), 0) FROM pembayaran in D:\yii\framework\db\CDbCommand.php:543
Stack trace:
#0 D:\yii\framework\db\CDbCommand.php(433): CDbCommand->queryInternal('fetchColumn', 0, Array)
#1 C:\xampp\htdocs\klinik\protected\controllers\SiteController.php(148): CDbCommand->queryScalar()
#2 D:\yii\framework\web\actions\CInlineAction.php(49): SiteController->actionAdminDashboard()
#3 D:\yii\framework\web\CController.php(308): CInlineAction->runWithParams(Array)
#4 D:\yii\framework\web\CController.php(286): CController->runAction(Object(CInlineAction))
#5 D:\yii\framework\web\CController.php(265): CController->runActionWithFilters(Object(CInlineAction), Array)
#6 D:\yii\framework\web\CWebApplication.php(282): CController->run('adminDashboard')
#7 D:\yii\framework\web\CWebApplication.php(141): CWebApplication->runController('site/adminDashb...')
#8 D:\yii\framework\base\CApplication.php(185): CWebApplication->processRequest()
#9 C:\xampp\htdocs\klinik\index.php(13): CApplication->run()
#10 {main}
REQUEST_URI=/klinik/index.php?r=site/adminDashboard
HTTP_REFERER=http://localhost/klinik/index.php?r=site/profile
---
2025/04/18 16:39:11 [error] [system.db.CDbCommand] CDbCommand::fetchColumn() failed: SQLSTATE[42P01]: Undefined table: 7 ERROR:  relation "pembayaran" does not exist
LINE 1: SELECT COALESCE(SUM(jumlah), 0) FROM pembayaran
                                             ^. The SQL statement executed was: SELECT COALESCE(SUM(jumlah), 0) FROM pembayaran.
in C:\xampp\htdocs\klinik\protected\controllers\SiteController.php (148)
in C:\xampp\htdocs\klinik\index.php (13)
2025/04/18 16:39:11 [error] [exception.CDbException] CDbException: CDbCommand failed to execute the SQL statement: SQLSTATE[42P01]: Undefined table: 7 ERROR:  relation "pembayaran" does not exist
LINE 1: SELECT COALESCE(SUM(jumlah), 0) FROM pembayaran
                                             ^. The SQL statement executed was: SELECT COALESCE(SUM(jumlah), 0) FROM pembayaran in D:\yii\framework\db\CDbCommand.php:543
Stack trace:
#0 D:\yii\framework\db\CDbCommand.php(433): CDbCommand->queryInternal('fetchColumn', 0, Array)
#1 C:\xampp\htdocs\klinik\protected\controllers\SiteController.php(148): CDbCommand->queryScalar()
#2 D:\yii\framework\web\actions\CInlineAction.php(49): SiteController->actionAdminDashboard()
#3 D:\yii\framework\web\CController.php(308): CInlineAction->runWithParams(Array)
#4 D:\yii\framework\web\CController.php(286): CController->runAction(Object(CInlineAction))
#5 D:\yii\framework\web\CController.php(265): CController->runActionWithFilters(Object(CInlineAction), Array)
#6 D:\yii\framework\web\CWebApplication.php(282): CController->run('adminDashboard')
#7 D:\yii\framework\web\CWebApplication.php(141): CWebApplication->runController('site/adminDashb...')
#8 D:\yii\framework\base\CApplication.php(185): CWebApplication->processRequest()
#9 C:\xampp\htdocs\klinik\index.php(13): CApplication->run()
#10 {main}
REQUEST_URI=/klinik/index.php?r=site/adminDashboard
HTTP_REFERER=http://localhost/klinik/index.php?r=site/profile
---
2025/04/18 16:47:22 [error] [system.db.CDbCommand] CDbCommand::fetchAll() failed: SQLSTATE[42P01]: Undefined table: 7 ERROR:  relation "activities" does not exist
LINE 1: SELECT * FROM activities ORDER BY created_at DESC LIMIT 5
                      ^. The SQL statement executed was: SELECT * FROM activities ORDER BY created_at DESC LIMIT 5.
in C:\xampp\htdocs\klinik\protected\controllers\SiteController.php (157)
in C:\xampp\htdocs\klinik\protected\controllers\SiteController.php (142)
in C:\xampp\htdocs\klinik\index.php (13)
2025/04/18 16:47:22 [error] [exception.CDbException] CDbException: CDbCommand failed to execute the SQL statement: SQLSTATE[42P01]: Undefined table: 7 ERROR:  relation "activities" does not exist
LINE 1: SELECT * FROM activities ORDER BY created_at DESC LIMIT 5
                      ^. The SQL statement executed was: SELECT * FROM activities ORDER BY created_at DESC LIMIT 5 in D:\yii\framework\db\CDbCommand.php:543
Stack trace:
#0 D:\yii\framework\db\CDbCommand.php(396): CDbCommand->queryInternal('fetchAll', Array, Array)
#1 C:\xampp\htdocs\klinik\protected\controllers\SiteController.php(157): CDbCommand->queryAll()
#2 C:\xampp\htdocs\klinik\protected\controllers\SiteController.php(142): SiteController->getRecentActivities()
#3 D:\yii\framework\web\actions\CInlineAction.php(49): SiteController->actionAdminDashboard()
#4 D:\yii\framework\web\CController.php(308): CInlineAction->runWithParams(Array)
#5 D:\yii\framework\web\CController.php(286): CController->runAction(Object(CInlineAction))
#6 D:\yii\framework\web\CController.php(265): CController->runActionWithFilters(Object(CInlineAction), Array)
#7 D:\yii\framework\web\CWebApplication.php(282): CController->run('adminDashboard')
#8 D:\yii\framework\web\CWebApplication.php(141): CWebApplication->runController('site/adminDashb...')
#9 D:\yii\framework\base\CApplication.php(185): CWebApplication->processRequest()
#10 C:\xampp\htdocs\klinik\index.php(13): CApplication->run()
#11 {main}
REQUEST_URI=/klinik/index.php?r=site/adminDashboard
HTTP_REFERER=http://localhost/klinik/index.php?r=site/profile
---
2025/04/18 16:49:01 [error] [exception.CException] CException: Property "User.email" is not defined. in D:\yii\framework\base\CComponent.php:130
Stack trace:
#0 D:\yii\framework\db\ar\CActiveRecord.php(145): CComponent->__get('email')
#1 C:\xampp\htdocs\klinik\protected\views\site\adminDashboard.php(18): CActiveRecord->__get('email')
#2 D:\yii\framework\web\CBaseController.php(126): require('C:\\xampp\\htdocs...')
#3 D:\yii\framework\web\CBaseController.php(95): CBaseController->renderInternal('C:\\xampp\\htdocs...', Array, true)
#4 D:\yii\framework\web\CController.php(872): CBaseController->renderFile('C:\\xampp\\htdocs...', Array, true)
#5 D:\yii\framework\web\CController.php(785): CController->renderPartial('adminDashboard', Array, true)
#6 C:\xampp\htdocs\klinik\protected\controllers\SiteController.php(145): CController->render('adminDashboard', Array)
#7 D:\yii\framework\web\actions\CInlineAction.php(49): SiteController->actionAdminDashboard()
#8 D:\yii\framework\web\CController.php(308): CInlineAction->runWithParams(Array)
#9 D:\yii\framework\web\CController.php(286): CController->runAction(Object(CInlineAction))
#10 D:\yii\framework\web\CController.php(265): CController->runActionWithFilters(Object(CInlineAction), Array)
#11 D:\yii\framework\web\CWebApplication.php(282): CController->run('adminDashboard')
#12 D:\yii\framework\web\CWebApplication.php(141): CWebApplication->runController('site/adminDashb...')
#13 D:\yii\framework\base\CApplication.php(185): CWebApplication->processRequest()
#14 C:\xampp\htdocs\klinik\index.php(13): CApplication->run()
#15 {main}
REQUEST_URI=/klinik/index.php?r=site/adminDashboard
HTTP_REFERER=http://localhost/klinik/index.php?r=site/profile
---
2025/04/18 16:53:27 [error] [exception.CHttpException.404] CHttpException: Unable to resolve the request "user/manage". in D:\yii\framework\web\CWebApplication.php:286
Stack trace:
#0 D:\yii\framework\web\CWebApplication.php(141): CWebApplication->runController('user/manage')
#1 D:\yii\framework\base\CApplication.php(185): CWebApplication->processRequest()
#2 C:\xampp\htdocs\klinik\index.php(13): CApplication->run()
#3 {main}
REQUEST_URI=/klinik/index.php?r=user/manage
HTTP_REFERER=http://localhost/klinik/index.php?r=site/adminDashboard
---
